# JRE version: OpenJDK Runtime Environment (8.0_242-b01) (build 1.8.0_242-release-1644-b01)
# Java VM: OpenJDK 64-Bit Server VM (25.242-b01 mixed mode windows-amd64 compressed oops)
Heap:
 PSYoungGen      total 511488K, used 53272K [0x00000000d5580000, 0x00000000f7e80000, 0x0000000100000000)
  eden space 479744K, 11% used [0x00000000d5580000,0x00000000d8986348,0x00000000f2a00000)
  from space 31744K, 0% used [0x00000000f4d80000,0x00000000f4d80000,0x00000000f6c80000)
  to   space 36352K, 0% used [0x00000000f2a00000,0x00000000f2a00000,0x00000000f4d80000)
 ParOldGen       total 199680K, used 67361K [0x0000000080000000, 0x000000008c300000, 0x00000000d5580000)
  object space 199680K, 33% used [0x0000000080000000,0x00000000841c8410,0x000000008c300000)
 Metaspace       used 94280K, capacity 99098K, committed 99276K, reserved 1134592K
  class space    used 12304K, capacity 13229K, committed 13312K, reserved 1048576K
GC Heap History (10 events):
Event: 17.192 GC heap before
{Heap before GC invocations=12 (full 3):
 PSYoungGen      total 366592K, used 17917K [0x00000000d5580000, 0x00000000f2d00000, 0x0000000100000000)
  eden space 348672K, 0% used [0x00000000d5580000,0x00000000d5580000,0x00000000eaa00000)
  from space 17920K, 99% used [0x00000000eaa00000,0x00000000ebb7f760,0x00000000ebb80000)
  to   space 23040K, 0% used [0x00000000f1680000,0x00000000f1680000,0x00000000f2d00000)
 ParOldGen       total 82944K, used 24849K [0x0000000080000000, 0x0000000085100000, 0x00000000d5580000)
  object space 82944K, 29% used [0x0000000080000000,0x0000000081844490,0x0000000085100000)
 Metaspace       used 56719K, capacity 58948K, committed 59028K, reserved 1099776K
  class space    used 7680K, capacity 8151K, committed 8192K, reserved 1048576K
Event: 17.707 GC heap after
Heap after GC invocations=12 (full 3):
 PSYoungGen      total 366592K, used 0K [0x00000000d5580000, 0x00000000f2d00000, 0x0000000100000000)
  eden space 348672K, 0% used [0x00000000d5580000,0x00000000d5580000,0x00000000eaa00000)
  from space 17920K, 0% used [0x00000000eaa00000,0x00000000eaa00000,0x00000000ebb80000)
  to   space 23040K, 0% used [0x00000000f1680000,0x00000000f1680000,0x00000000f2d00000)
 ParOldGen       total 129024K, used 36363K [0x0000000080000000, 0x0000000087e00000, 0x00000000d5580000)
  object space 129024K, 28% used [0x0000000080000000,0x0000000082382f90,0x0000000087e00000)
 Metaspace       used 56705K, capacity 58900K, committed 59028K, reserved 1099776K
  class space    used 7675K, capacity 8143K, committed 8192K, reserved 1048576K
}
Event: 29.159 GC heap before
{Heap before GC invocations=13 (full 3):
 PSYoungGen      total 366592K, used 348672K [0x00000000d5580000, 0x00000000f2d00000, 0x0000000100000000)
  eden space 348672K, 100% used [0x00000000d5580000,0x00000000eaa00000,0x00000000eaa00000)
  from space 17920K, 0% used [0x00000000eaa00000,0x00000000eaa00000,0x00000000ebb80000)
  to   space 23040K, 0% used [0x00000000f1680000,0x00000000f1680000,0x00000000f2d00000)
 ParOldGen       total 129024K, used 36363K [0x0000000080000000, 0x0000000087e00000, 0x00000000d5580000)
  object space 129024K, 28% used [0x0000000080000000,0x0000000082382f90,0x0000000087e00000)
 Metaspace       used 71540K, capacity 74716K, committed 74840K, reserved 1114112K
  class space    used 9713K, capacity 10313K, committed 10368K, reserved 1048576K
Event: 29.219 GC heap after
Heap after GC invocations=13 (full 3):
 PSYoungGen      total 440320K, used 23012K [0x00000000d5580000, 0x00000000f2d00000, 0x0000000100000000)
  eden space 417280K, 0% used [0x00000000d5580000,0x00000000d5580000,0x00000000eed00000)
  from space 23040K, 99% used [0x00000000f1680000,0x00000000f2cf93c0,0x00000000f2d00000)
  to   space 28160K, 0% used [0x00000000ef600000,0x00000000ef600000,0x00000000f1180000)
 ParOldGen       total 129024K, used 40681K [0x0000000080000000, 0x0000000087e00000, 0x00000000d5580000)
  object space 129024K, 31% used [0x0000000080000000,0x00000000827ba790,0x0000000087e00000)
 Metaspace       used 71540K, capacity 74716K, committed 74840K, reserved 1114112K
  class space    used 9713K, capacity 10313K, committed 10368K, reserved 1048576K
}
Event: 1039.108 GC heap before
{Heap before GC invocations=14 (full 3):
 PSYoungGen      total 440320K, used 440292K [0x00000000d5580000, 0x00000000f2d00000, 0x0000000100000000)
  eden space 417280K, 100% used [0x00000000d5580000,0x00000000eed00000,0x00000000eed00000)
  from space 23040K, 99% used [0x00000000f1680000,0x00000000f2cf93c0,0x00000000f2d00000)
  to   space 28160K, 0% used [0x00000000ef600000,0x00000000ef600000,0x00000000f1180000)
 ParOldGen       total 129024K, used 40681K [0x0000000080000000, 0x0000000087e00000, 0x00000000d5580000)
  object space 129024K, 31% used [0x0000000080000000,0x00000000827ba790,0x0000000087e00000)
 Metaspace       used 83235K, capacity 87258K, committed 87384K, reserved 1124352K
  class space    used 10866K, capacity 11625K, committed 11648K, reserved 1048576K
Event: 1039.278 GC heap after
Heap after GC invocations=14 (full 3):
 PSYoungGen      total 454656K, used 26428K [0x00000000d5580000, 0x00000000f6c80000, 0x0000000100000000)
  eden space 426496K, 0% used [0x00000000d5580000,0x00000000d5580000,0x00000000ef600000)
  from space 28160K, 93% used [0x00000000ef600000,0x00000000f0fcf368,0x00000000f1180000)
  to   space 31744K, 0% used [0x00000000f4d80000,0x00000000f4d80000,0x00000000f6c80000)
 ParOldGen       total 129024K, used 55458K [0x0000000080000000, 0x0000000087e00000, 0x00000000d5580000)
  object space 129024K, 42% used [0x0000000080000000,0x0000000083628a38,0x0000000087e00000)
 Metaspace       used 83235K, capacity 87258K, committed 87384K, reserved 1124352K
  class space    used 10866K, capacity 11625K, committed 11648K, reserved 1048576K
}
Event: 1052.760 GC heap before
{Heap before GC invocations=15 (full 3):
 PSYoungGen      total 454656K, used 288056K [0x00000000d5580000, 0x00000000f6c80000, 0x0000000100000000)
  eden space 426496K, 61% used [0x00000000d5580000,0x00000000e54fed00,0x00000000ef600000)
  from space 28160K, 93% used [0x00000000ef600000,0x00000000f0fcf368,0x00000000f1180000)
  to   space 31744K, 0% used [0x00000000f4d80000,0x00000000f4d80000,0x00000000f6c80000)
 ParOldGen       total 129024K, used 55458K [0x0000000080000000, 0x0000000087e00000, 0x00000000d5580000)
  object space 129024K, 42% used [0x0000000080000000,0x0000000083628a38,0x0000000087e00000)
 Metaspace       used 93619K, capacity 98296K, committed 98380K, reserved 1134592K
  class space    used 12229K, capacity 13121K, committed 13184K, reserved 1048576K
Event: 1052.965 GC heap after
Heap after GC invocations=15 (full 3):
 PSYoungGen      total 511488K, used 31442K [0x00000000d5580000, 0x00000000f7e80000, 0x0000000100000000)
  eden space 479744K, 0% used [0x00000000d5580000,0x00000000d5580000,0x00000000f2a00000)
  from space 31744K, 99% used [0x00000000f4d80000,0x00000000f6c348d8,0x00000000f6c80000)
  to   space 36352K, 0% used [0x00000000f2a00000,0x00000000f2a00000,0x00000000f4d80000)
 ParOldGen       total 129024K, used 55474K [0x0000000080000000, 0x0000000087e00000, 0x00000000d5580000)
  object space 129024K, 42% used [0x0000000080000000,0x000000008362ca38,0x0000000087e00000)
 Metaspace       used 93619K, capacity 98296K, committed 98380K, reserved 1134592K
  class space    used 12229K, capacity 13121K, committed 13184K, reserved 1048576K
}
Event: 1052.965 GC heap before
{Heap before GC invocations=16 (full 4):
 PSYoungGen      total 511488K, used 31442K [0x00000000d5580000, 0x00000000f7e80000, 0x0000000100000000)
  eden space 479744K, 0% used [0x00000000d5580000,0x00000000d5580000,0x00000000f2a00000)
  from space 31744K, 99% used [0x00000000f4d80000,0x00000000f6c348d8,0x00000000f6c80000)
  to   space 36352K, 0% used [0x00000000f2a00000,0x00000000f2a00000,0x00000000f4d80000)
 ParOldGen       total 129024K, used 55474K [0x0000000080000000, 0x0000000087e00000, 0x00000000d5580000)
  object space 129024K, 42% used [0x0000000080000000,0x000000008362ca38,0x0000000087e00000)
 Metaspace       used 93619K, capacity 98296K, committed 98380K, reserved 1134592K
  class space    used 12229K, capacity 13121K, committed 13184K, reserved 1048576K
Event: 1053.987 GC heap after
Heap after GC invocations=16 (full 4):
 PSYoungGen      total 511488K, used 0K [0x00000000d5580000, 0x00000000f7e80000, 0x0000000100000000)
  eden space 479744K, 0% used [0x00000000d5580000,0x00000000d5580000,0x00000000f2a00000)
  from space 31744K, 0% used [0x00000000f4d80000,0x00000000f4d80000,0x00000000f6c80000)
  to   space 36352K, 0% used [0x00000000f2a00000,0x00000000f2a00000,0x00000000f4d80000)
 ParOldGen       total 199680K, used 67361K [0x0000000080000000, 0x000000008c300000, 0x00000000d5580000)
  object space 199680K, 33% used [0x0000000080000000,0x00000000841c8410,0x000000008c300000)
 Metaspace       used 93479K, capacity 97900K, committed 98380K, reserved 1134592K
  class space    used 12189K, capacity 13036K, committed 13184K, reserved 1048576K
}

